<?xml version="1.0" encoding="UTF-8"?>
<!-- Generated by org.testng.reporters.JUnitXMLReporter -->
<testsuite ignored="1" hostname="DhivyaPC" failures="0" tests="1" name="Default test" time="8.386" errors="0" timestamp="2025-05-12T11:35:13 IST">
  <testcase classname="testcases.TC_UnitTest_01" name="loginPositive" time="2.382"/>
  <testcase classname="testcases.TC_UnitTest_01" name="loginNegative" time="0.0">
    <ignored/>
  </testcase> <!-- loginNegative -->
</testsuite> <!-- Default test -->
