<?xml version="1.0" encoding="UTF-8"?>
<!-- Generated by org.testng.reporters.JUnitXMLReporter -->
<testsuite ignored="0" hostname="DhivyaPC" failures="9" tests="9" name="Test" time="0.955" errors="0" timestamp="2025-04-24T19:40:08 IST">
  <testcase classname="testcases.TC_UnitTest_01" name="unitlogin" time="0.007">
    <failure type="java.lang.NullPointerException" message="Cannot invoke &amp;quot;org.openqa.selenium.WebDriver.manage()&amp;quot; because &amp;quot;testcases.TC_UnitTest_01.driver&amp;quot; is null">
      <![CDATA[java.lang.NullPointerException: Cannot invoke "org.openqa.selenium.WebDriver.manage()" because "testcases.TC_UnitTest_01.driver" is null
at testcases.TC_UnitTest_01.unitlogin(TC_UnitTest_01.java:20)
at java.base/java.util.ArrayList.forEach(ArrayList.java:1596)
... Removed 25 stack frames]]>
    </failure>
  </testcase> <!-- unitlogin -->
  <testcase classname="testcases.TC_UnitTest_01" name="unitlogin" time="0.002">
    <failure type="java.lang.NullPointerException" message="Cannot invoke &amp;quot;org.openqa.selenium.WebDriver.manage()&amp;quot; because &amp;quot;testcases.TC_UnitTest_01.driver&amp;quot; is null">
      <![CDATA[java.lang.NullPointerException: Cannot invoke "org.openqa.selenium.WebDriver.manage()" because "testcases.TC_UnitTest_01.driver" is null
at testcases.TC_UnitTest_01.unitlogin(TC_UnitTest_01.java:20)
at java.base/java.util.ArrayList.forEach(ArrayList.java:1596)
... Removed 25 stack frames]]>
    </failure>
  </testcase> <!-- unitlogin -->
  <testcase classname="testcases.TC_UnitTest_01" name="unitlogin" time="0.002">
    <failure type="java.lang.NullPointerException" message="Cannot invoke &amp;quot;org.openqa.selenium.WebDriver.manage()&amp;quot; because &amp;quot;testcases.TC_UnitTest_01.driver&amp;quot; is null">
      <![CDATA[java.lang.NullPointerException: Cannot invoke "org.openqa.selenium.WebDriver.manage()" because "testcases.TC_UnitTest_01.driver" is null
at testcases.TC_UnitTest_01.unitlogin(TC_UnitTest_01.java:20)
at java.base/java.util.ArrayList.forEach(ArrayList.java:1596)
... Removed 25 stack frames]]>
    </failure>
  </testcase> <!-- unitlogin -->
  <testcase classname="testcases.TC_UnitTest_01" name="unitlogin" time="0.001">
    <failure type="java.lang.NullPointerException" message="Cannot invoke &amp;quot;org.openqa.selenium.WebDriver.manage()&amp;quot; because &amp;quot;testcases.TC_UnitTest_01.driver&amp;quot; is null">
      <![CDATA[java.lang.NullPointerException: Cannot invoke "org.openqa.selenium.WebDriver.manage()" because "testcases.TC_UnitTest_01.driver" is null
at testcases.TC_UnitTest_01.unitlogin(TC_UnitTest_01.java:20)
at java.base/java.util.ArrayList.forEach(ArrayList.java:1596)
... Removed 25 stack frames]]>
    </failure>
  </testcase> <!-- unitlogin -->
  <testcase classname="testcases.TC_UnitTest_01" name="unitlogin" time="0.0">
    <failure type="java.lang.NullPointerException" message="Cannot invoke &amp;quot;org.openqa.selenium.WebDriver.manage()&amp;quot; because &amp;quot;testcases.TC_UnitTest_01.driver&amp;quot; is null">
      <![CDATA[java.lang.NullPointerException: Cannot invoke "org.openqa.selenium.WebDriver.manage()" because "testcases.TC_UnitTest_01.driver" is null
at testcases.TC_UnitTest_01.unitlogin(TC_UnitTest_01.java:20)
at java.base/java.util.ArrayList.forEach(ArrayList.java:1596)
... Removed 25 stack frames]]>
    </failure>
  </testcase> <!-- unitlogin -->
  <testcase classname="testcases.TC_UnitTest_01" name="unitlogin" time="0.001">
    <failure type="java.lang.NullPointerException" message="Cannot invoke &amp;quot;org.openqa.selenium.WebDriver.manage()&amp;quot; because &amp;quot;testcases.TC_UnitTest_01.driver&amp;quot; is null">
      <![CDATA[java.lang.NullPointerException: Cannot invoke "org.openqa.selenium.WebDriver.manage()" because "testcases.TC_UnitTest_01.driver" is null
at testcases.TC_UnitTest_01.unitlogin(TC_UnitTest_01.java:20)
at java.base/java.util.ArrayList.forEach(ArrayList.java:1596)
... Removed 25 stack frames]]>
    </failure>
  </testcase> <!-- unitlogin -->
  <testcase classname="testcases.TC_UnitTest_01" name="unitlogin" time="0.001">
    <failure type="java.lang.NullPointerException" message="Cannot invoke &amp;quot;org.openqa.selenium.WebDriver.manage()&amp;quot; because &amp;quot;testcases.TC_UnitTest_01.driver&amp;quot; is null">
      <![CDATA[java.lang.NullPointerException: Cannot invoke "org.openqa.selenium.WebDriver.manage()" because "testcases.TC_UnitTest_01.driver" is null
at testcases.TC_UnitTest_01.unitlogin(TC_UnitTest_01.java:20)
at java.base/java.util.ArrayList.forEach(ArrayList.java:1596)
... Removed 25 stack frames]]>
    </failure>
  </testcase> <!-- unitlogin -->
  <testcase classname="testcases.TC_UnitTest_01" name="unitlogin" time="0.001">
    <failure type="java.lang.NullPointerException" message="Cannot invoke &amp;quot;org.openqa.selenium.WebDriver.manage()&amp;quot; because &amp;quot;testcases.TC_UnitTest_01.driver&amp;quot; is null">
      <![CDATA[java.lang.NullPointerException: Cannot invoke "org.openqa.selenium.WebDriver.manage()" because "testcases.TC_UnitTest_01.driver" is null
at testcases.TC_UnitTest_01.unitlogin(TC_UnitTest_01.java:20)
at java.base/java.util.ArrayList.forEach(ArrayList.java:1596)
... Removed 25 stack frames]]>
    </failure>
  </testcase> <!-- unitlogin -->
  <testcase classname="testcases.TC_UnitTest_01" name="unitlogin" time="0.0">
    <failure type="java.lang.NullPointerException" message="Cannot invoke &amp;quot;org.openqa.selenium.WebDriver.manage()&amp;quot; because &amp;quot;testcases.TC_UnitTest_01.driver&amp;quot; is null">
      <![CDATA[java.lang.NullPointerException: Cannot invoke "org.openqa.selenium.WebDriver.manage()" because "testcases.TC_UnitTest_01.driver" is null
at testcases.TC_UnitTest_01.unitlogin(TC_UnitTest_01.java:20)
at java.base/java.util.ArrayList.forEach(ArrayList.java:1596)
... Removed 25 stack frames]]>
    </failure>
  </testcase> <!-- unitlogin -->
</testsuite> <!-- Test -->
