<?xml version="1.0" encoding="UTF-8"?>
<!-- Generated by org.testng.reporters.JUnitXMLReporter -->
<testsuite ignored="1" hostname="DhivyaPC" failures="0" tests="2" name="Unit Test" time="40.478" errors="0" timestamp="2025-04-25T15:42:15 IST">
  <testcase classname="testcases.TC_Integration_01" name="integration" time="14.4"/>
  <testcase classname="testcases.TC_Integration_01" name="integration" time="16.567"/>
  <testcase classname="testcases.TC_UnitTest_01" name="unitlogin" time="0.0">
    <ignored/>
  </testcase> <!-- unitlogin -->
</testsuite> <!-- Unit Test -->
