<?xml version="1.0" encoding="UTF-8"?>
<testng-results ignored="1" total="2" passed="1" failed="0" skipped="0">
  <reporter-output>
  </reporter-output>
  <suite started-at="2025-05-12T11:35:05 IST" name="Default suite" finished-at="2025-05-12T11:35:13 IST" duration-ms="8386">
    <groups>
      <group name="Positive">
        <method signature="TC_UnitTest_01.loginPositive(java.lang.String,java.lang.String)[pri:0, instance:testcases.TC_UnitTest_01@6989da5e]" name="loginPositive" class="testcases.TC_UnitTest_01"/>
      </group> <!-- Positive -->
      <group name="Unit">
        <method signature="TC_UnitTest_01.loginPositive(java.lang.String,java.lang.String)[pri:0, instance:testcases.TC_UnitTest_01@6989da5e]" name="loginPositive" class="testcases.TC_UnitTest_01"/>
      </group> <!-- Unit -->
    </groups>
    <test started-at="2025-05-12T11:35:05 IST" name="Default test" finished-at="2025-05-12T11:35:13 IST" duration-ms="8386">
      <class name="testcases.TC_UnitTest_01">
        <test-method is-config="true" signature="setUp()[pri:0, instance:testcases.TC_UnitTest_01@6989da5e]" started-at="2025-05-12T11:35:06 IST" name="setUp" finished-at="2025-05-12T11:35:11 IST" duration-ms="4825" status="PASS">
          <reporter-output>
          </reporter-output>
        </test-method> <!-- setUp -->
        <test-method signature="loginPositive(java.lang.String,java.lang.String)[pri:0, instance:testcases.TC_UnitTest_01@6989da5e]" started-at="2025-05-12T11:35:11 IST" name="loginPositive" data-provider="testdata" finished-at="2025-05-12T11:35:13 IST" duration-ms="2382" status="PASS">
          <params>
            <param index="0">
              <value>
                <![CDATA[Admin]]>
              </value>
            </param>
            <param index="1">
              <value>
                <![CDATA[admin123]]>
              </value>
            </param>
          </params>
          <reporter-output>
          </reporter-output>
        </test-method> <!-- loginPositive -->
        <test-method is-config="true" signature="tearDown()[pri:0, instance:testcases.TC_UnitTest_01@6989da5e]" started-at="2025-05-12T11:35:13 IST" name="tearDown" finished-at="2025-05-12T11:35:13 IST" duration-ms="156" status="PASS">
          <reporter-output>
          </reporter-output>
        </test-method> <!-- tearDown -->
      </class> <!-- testcases.TC_UnitTest_01 -->
    </test> <!-- Default test -->
  </suite> <!-- Default suite -->
</testng-results>
